1650861999287	geckodriver	INFO	Listening on 127.0.0.1:49347
1650862002348	mozrunner::runner	INFO	Running command: "C:\\Program Files\\Mozilla Firefox\\firefox.exe" "--marionette" "--remote-debugging-port" "49348" "--remote-allow-hosts" "localhost" "-no-remote" "-profile" "C:\\Users\\SIVAKA~1\\AppData\\Local\\Temp\\rust_mozprofileaoZZiU"
1650862002832	Marionette	INFO	Marionette enabled
console.warn: SearchSettings: "get: No settings file exists, new profile?" (new NotFoundError("Could not open the file at C:\\Users\\SIVAKA~1\\AppData\\Local\\Temp\\rust_mozprofileaoZZiU\\search.json.mozlz4", (void 0)))
DevTools listening on ws://localhost:49348/devtools/browser/e90d2eb3-106a-4aa6-b657-97eec5ae60db
1650862005903	Marionette	INFO	Listening on port 49371
Read port: 49371
1650862006028	RemoteAgent	WARN	TLS certificate errors will be ignored for this session
1650862007836	Marionette	INFO	Stopped listening on port 49371

###!!! [Parent][PContentParent] Error: Send(msgname=PContent::Reply_DiscardBrowsingContext) Closed channel: cannot send/recv


###!!! [Child][PContentChild] Error: Send(msgname=PHttpChannel::Msg_DeletingChannel) Channel closing: too late to send/recv, messages will be lost


###!!! [Child][PContentChild] Error: Send(msgname=PHttpChannel::Msg_Cancel) Channel closing: too late to send/recv, messages will be lost


###!!! [Child][PContentChild] Error: Send(msgname=PHttpChannel::Msg_DeletingChannel) Channel closing: too late to send/recv, messages will be lost


###!!! [Child][PContentChild] Error: RunMessage(msgname=PContent::Msg_DiscardBrowsingContext) Channel closing: too late to send/recv, messages will be lost


###!!! [Parent][PContentParent] Error: Send(msgname=PContent::Msg_DestroyBrowsingContextGroup) Closed channel: cannot send/recv

JavaScript error: resource://gre/modules/Sqlite.jsm, line 1105: Error: Sqlite.jsm has been shutdown. Cannot open connection to: C:\Users\SIVAKA~1\AppData\Local\Temp\rust_mozprofileaoZZiU\protections.sqlite

###!!! [Child][PContentChild] Error: Send(msgname=PContent::Msg_ScriptError) Channel closing: too late to send/recv, messages will be lost


###!!! [Child][PContentChild] Error: RunMessage(msgname=PContent::Reply_DiscardBrowsingContext) Channel closing: too late to send/recv, messages will be lost


###!!! [Child][PContentChild] Error: RunMessage(msgname=PHttpChannel::Msg_DeleteSelf) Channel closing: too late to send/recv, messages will be lost


###!!! [Child][PContentChild] Error: RunMessage(msgname=PHttpChannel::Msg_DeleteSelf) Channel closing: too late to send/recv, messages will be lost

1650863684100	geckodriver	INFO	Listening on 127.0.0.1:49533
1650863687132	mozrunner::runner	INFO	Running command: "C:\\Program Files\\Mozilla Firefox\\firefox.exe" "--marionette" "--remote-debugging-port" "49534" "--remote-allow-hosts" "localhost" "-no-remote" "-profile" "C:\\Users\\SIVAKA~1\\AppData\\Local\\Temp\\rust_mozprofileCKFqIT"
1650863687594	Marionette	INFO	Marionette enabled
console.warn: SearchSettings: "get: No settings file exists, new profile?" (new NotFoundError("Could not open the file at C:\\Users\\SIVAKA~1\\AppData\\Local\\Temp\\rust_mozprofileCKFqIT\\search.json.mozlz4", (void 0)))
DevTools listening on ws://localhost:49534/devtools/browser/28aa340a-240a-4a15-aa46-7e3df6bba949
1650863689995	Marionette	INFO	Listening on port 49556
Read port: 49556
1650863690068	RemoteAgent	WARN	TLS certificate errors will be ignored for this session
1650863694966	Marionette	INFO	Stopped listening on port 49556

###!!! [Parent][PContentParent] Error: Send(msgname=PContent::Reply_DiscardBrowsingContext) Closed channel: cannot send/recv


###!!! [Child][PContentChild] Error: Send(msgname=PHttpChannel::Msg_RemoveCorsPreflightCacheEntry) Channel closing: too late to send/recv, messages will be lost


###!!! [Child][PContentChild] Error: Send(msgname=PHttpChannel::Msg_DeletingChannel) Channel closing: too late to send/recv, messages will be lost


###!!! [Child][PContentChild] Error: Send(msgname=PHttpChannel::Msg_Cancel) Channel closing: too late to send/recv, messages will be lost


###!!! [Child][PContentChild] Error: Send(msgname=PHttpChannel::Msg_DeletingChannel) Channel closing: too late to send/recv, messages will be lost


###!!! [Child][PContentChild] Error: Send(msgname=PHttpChannel::Msg_Cancel) Channel closing: too late to send/recv, messages will be lost


###!!! [Child][PContentChild] Error: Send(msgname=PHttpChannel::Msg_DeletingChannel) Channel closing: too late to send/recv, messages will be lost


###!!! [Child][PContentChild] Error: Send(msgname=PHttpChannel::Msg_RemoveCorsPreflightCacheEntry) Channel closing: too late to send/recv, messages will be lost


###!!! [Child][PContentChild] Error: Send(msgname=PHttpChannel::Msg_DeletingChannel) Channel closing: too late to send/recv, messages will be lost


###!!! [Child][PContentChild] Error: Send(msgname=PContent::Msg_AccumulateChildHistograms) Channel closing: too late to send/recv, messages will be lost


###!!! [Child][PContentChild] Error: Send(msgname=PContent::Msg_RecordDiscardedData) Channel closing: too late to send/recv, messages will be lost


###!!! [Parent][PContentParent] Error: Send(msgname=PContent::Msg_DestroyBrowsingContextGroup) Closed channel: cannot send/recv

JavaScript error: resource://gre/modules/Sqlite.jsm, line 1105: Error: Sqlite.jsm has been shutdown. Cannot open connection to: C:\Users\SIVAKA~1\AppData\Local\Temp\rust_mozprofileCKFqIT\protections.sqlite

###!!! [Child][PContentChild] Error: RunMessage(msgname=PContent::Msg_DiscardBrowsingContext) Channel closing: too late to send/recv, messages will be lost


###!!! [Child][PContentChild] Error: RunMessage(msgname=PContent::Reply_DiscardBrowsingContext) Channel closing: too late to send/recv, messages will be lost


###!!! [Child][PContentChild] Error: Send(msgname=PContent::Msg_ScriptError) Channel closing: too late to send/recv, messages will be lost


###!!! [Child][PContentChild] Error: RunMessage(msgname=PHttpChannel::Msg_DeleteSelf) Channel closing: too late to send/recv, messages will be lost

1650864017696	geckodriver	INFO	Listening on 127.0.0.1:49617
1650864020732	mozrunner::runner	INFO	Running command: "C:\\Program Files\\Mozilla Firefox\\firefox.exe" "--marionette" "--remote-debugging-port" "49618" "--remote-allow-hosts" "localhost" "-no-remote" "-profile" "C:\\Users\\SIVAKA~1\\AppData\\Local\\Temp\\rust_mozprofileq9R1HF"
1650864021124	Marionette	INFO	Marionette enabled
console.warn: SearchSettings: "get: No settings file exists, new profile?" (new NotFoundError("Could not open the file at C:\\Users\\SIVAKA~1\\AppData\\Local\\Temp\\rust_mozprofileq9R1HF\\search.json.mozlz4", (void 0)))
DevTools listening on ws://localhost:49618/devtools/browser/3ad018ff-068c-48ef-a25f-9854dd8afd8f
1650864023781	Marionette	INFO	Listening on port 49681
Read port: 49681
1650864023875	RemoteAgent	WARN	TLS certificate errors will be ignored for this session
1650864025724	Marionette	INFO	Stopped listening on port 49681

###!!! [Parent][PContentParent] Error: Send(msgname=PContent::Reply_DiscardBrowsingContext) Closed channel: cannot send/recv


###!!! [Child][PContentChild] Error: Send(msgname=PHttpChannel::Msg_DeletingChannel) Channel closing: too late to send/recv, messages will be lost


###!!! [Child][PContentChild] Error: Send(msgname=PHttpChannel::Msg_Cancel) Channel closing: too late to send/recv, messages will be lost


###!!! [Child][PContentChild] Error: Send(msgname=PHttpChannel::Msg_DeletingChannel) Channel closing: too late to send/recv, messages will be lost


###!!! [Child][PContentChild] Error: Send(msgname=PHttpChannel::Msg_RemoveCorsPreflightCacheEntry) Channel closing: too late to send/recv, messages will be lost


###!!! [Child][PContentChild] Error: Send(msgname=PHttpChannel::Msg_DeletingChannel) Channel closing: too late to send/recv, messages will be lost


###!!! [Child][PContentChild] Error: RunMessage(msgname=PContent::Msg_DiscardBrowsingContext) Channel closing: too late to send/recv, messages will be lost


###!!! [Child][PContentChild] Error: RunMessage(msgname=PContent::Reply_DiscardBrowsingContext) Channel closing: too late to send/recv, messages will be lost


###!!! [Child][PContentChild] Error: RunMessage(msgname=PHttpChannel::Msg_DeleteSelf) Channel closing: too late to send/recv, messages will be lost


###!!! [Child][PContentChild] Error: RunMessage(msgname=PHttpChannel::Msg_DeleteSelf) Channel closing: too late to send/recv, messages will be lost


###!!! [Child][PContentChild] Error: Send(msgname=PContent::Msg_ScriptError) Channel closing: too late to send/recv, messages will be lost


###!!! [Child][PContentChild] Error: RunMessage(msgname=PHttpChannel::Msg_DeleteSelf) Channel closing: too late to send/recv, messages will be lost


###!!! [Parent][PContentParent] Error: Send(msgname=PContent::Msg_DestroyBrowsingContextGroup) Closed channel: cannot send/recv

JavaScript error: resource://gre/modules/Sqlite.jsm, line 1105: Error: Sqlite.jsm has been shutdown. Cannot open connection to: C:\Users\SIVAKA~1\AppData\Local\Temp\rust_mozprofileq9R1HF\protections.sqlite
1650864264914	geckodriver	INFO	Listening on 127.0.0.1:49729
1650864267972	mozrunner::runner	INFO	Running command: "C:\\Program Files\\Mozilla Firefox\\firefox.exe" "--marionette" "--remote-debugging-port" "49730" "--remote-allow-hosts" "localhost" "-no-remote" "-profile" "C:\\Users\\SIVAKA~1\\AppData\\Local\\Temp\\rust_mozprofile3QgxYe"
1650864268420	Marionette	INFO	Marionette enabled
console.warn: SearchSettings: "get: No settings file exists, new profile?" (new NotFoundError("Could not open the file at C:\\Users\\SIVAKA~1\\AppData\\Local\\Temp\\rust_mozprofile3QgxYe\\search.json.mozlz4", (void 0)))
DevTools listening on ws://localhost:49730/devtools/browser/8c3303b6-eff2-4a8a-9534-d56f78faf32d
1650864271430	Marionette	INFO	Listening on port 49779
Read port: 49779
1650864271483	RemoteAgent	WARN	TLS certificate errors will be ignored for this session
1650864273485	Marionette	INFO	Stopped listening on port 49779

###!!! [Parent][PContentParent] Error: Send(msgname=PContent::Reply_DiscardBrowsingContext) Closed channel: cannot send/recv


###!!! [Child][PContentChild] Error: RunMessage(msgname=PHttpChannel::Msg_DeleteSelf) Channel closing: too late to send/recv, messages will be lost


###!!! [Child][PContentChild] Error: RunMessage(msgname=PHttpChannel::Msg_FailedAsyncOpen) Channel closing: too late to send/recv, messages will be lost


###!!! [Child][PContentChild] Error: RunMessage(msgname=PContent::Msg_DiscardBrowsingContext) Channel closing: too late to send/recv, messages will be lost


###!!! [Child][PContentChild] Error: RunMessage(msgname=PContent::Reply_DiscardBrowsingContext) Channel closing: too late to send/recv, messages will be lost


###!!! [Child][PContentChild] Error: RunMessage(msgname=PHttpChannel::Msg_DeleteSelf) Channel closing: too late to send/recv, messages will be lost


###!!! [Child][PContentChild] Error: RunMessage(msgname=PHttpChannel::Msg_DeleteSelf) Channel closing: too late to send/recv, messages will be lost


###!!! [Parent][PContentParent] Error: Send(msgname=PContent::Msg_DestroyBrowsingContextGroup) Closed channel: cannot send/recv

JavaScript error: resource://gre/modules/Sqlite.jsm, line 1105: Error: Sqlite.jsm has been shutdown. Cannot open connection to: C:\Users\SIVAKA~1\AppData\Local\Temp\rust_mozprofile3QgxYe\protections.sqlite
1650864734904	geckodriver	INFO	Listening on 127.0.0.1:49876
1650864737949	mozrunner::runner	INFO	Running command: "C:\\Program Files\\Mozilla Firefox\\firefox.exe" "--marionette" "--remote-debugging-port" "49877" "--remote-allow-hosts" "localhost" "-no-remote" "-profile" "C:\\Users\\SIVAKA~1\\AppData\\Local\\Temp\\rust_mozprofilevLZAvO"
1650864738346	Marionette	INFO	Marionette enabled
console.wa1650864741107	mozrunner::runner	INFO	Running command: "C:\\Program Files\\Mozilla Firefox\\firefox.exe" "--marionette" "--remote-debugging-port" "49890" "--remote-allow-hosts" "localhost" "-no-remote" "-profile" "C:\\Users\\SIVAKA~1\\AppData\\Local\\Temp\\rust_mozprofileW3a5VR"
1650864741569	Marionette	INFO	Marionette enabled
console.warn: SearchSettings: "get: No settings file exists, new profile?" (new NotFoundError("Could not open the file at C:\\Users\\SIVAKA~1650864743962	Marionette	INFO	Stopped listening on port 49911

###!!! [Parent][DevTools listening on ws://localhost:49890/devtools/browser/298ef84a-affb-49a4-94a7-c73c68ee01d1
1650864744703	Marionette	INFO	Listening on port 49964
Read port: 49964
1650864744795	RemoteAgent	WARN	TLS certificate errors will be ignored for this session
1650864746678	Marionette	INFO	Stopped listening on port 49964
[Parent 1936, IPC I/O Parent] WARNING: file /builds/worker/checkouts/gecko/ipc/chromium/src/base/process_util_win.cc:167

###!!! [Parent][PContentParent] Error: Send(msgname=PContent::Reply_DiscardBrowsingContext) Closed channel: cannot send/recv


###!!! [Child][PContentChild] Error: RunMessage(msgname=PHttpChannel::Msg_FailedAsyncOpen) Channel closing: too late to send/recv, messages will be lost


###!!! [Child][PContentChild] Error: RunMessage(msgname=PContent::Msg_DiscardBrowsingContext) Channel closing: too late to send/recv, messages will be lost


###!!! [Child][PContentChild] Error: RunMessage(msgname=PContent::Reply_DiscardBrowsingContext) Channel closing: too late to send/recv, messages will be lost


###!!! [Child][PContentChild] Error: RunMessage(msgname=PHttpChannel::Msg_DeleteSelf) Channel closing: too late to send/recv, messages will be lost


###!!! [Parent][PContentParent] Error: Send(msgname=PContent::Msg_DestroyBrowsingContextGroup) Closed channel: cannot send/recv

JavaScript error: resource://gre/modules/Sqlite.jsm, line 1105: Error: Sqlite.jsm has been shutdown. Cannot open connection to: C:\Users\SIVAKA~1\AppData\Local\Temp\rust_mozprofileW3a5VR\protections.sqlite
1650864970948	geckodriver	INFO	Listening on 127.0.0.1:50061
1650864974018	mozrunner::runner	INFO	Running command: "C:\\P1650864974036	mozrunner::runner	INFO	Running command: "C:\\Program Files\\Mozilla Firefox\\firefox.exe" "--marionette" "--remote-debugging-port" "50065" "--remote-allow-hosts" "localhost" "-no-remote" "-profile" "C:\\Us1650864974501	Marionette	INFO	Marionette enabled
console.warn: SearchSettings: "get: No settings file exists,console.warn: SearchSettings: "get: No settings file exists, new profile?" (new NotFoundError("Could not open the file at C:\\Users\\SIVAKA~1\\AppData\\Local\\TeDevTools listening on ws://localhost:50062/devtools/browser/DevTools listening on ws://localhost:50065/devtools/browser/5d607ca0-f760-4b33-967b-70fef534a2da
1650864978135	Marionette	INFO	Listening on port 50117
Read port: 50117
1650864978204	RemoteAgent	WA1650864981999	Marionette	INFO	Stopped listening on port 50106

###!!! [Parent][PContentParent] Error: Send(msgname=PContent::Reply_DiscardBrowsingContext) Closed channel: cannot send/recv


###!!! [Parent][PContentParent] Error: Send(msgname=PContent::Msg_DestroyBrowsingContextGroup) Closed channel: cannot send/recv

JavaScript error: resource://gre/modules/Sqlite.jsm, line 1105: Error: Sqlite.jsm has been shutdown. Cannot open connection to: C:\Users\SIVAKA~1\AppData\Local\Temp\rust_mozprofilekqaqdb\protections.sqlite

###!!! [Child][PContentChild] Error: RunMessage(msgname=PContent::Reply_DiscardBrowsingContext) Channel closing: too late to send/recv, messages will be lost


###!!! [Child][PContentChild] Error: RunMessage(msgname=PHttpChannel::Msg_DeleteSelf) Channel closing: too late to send/recv, messages will be lost


###!!! [Child][PContentChild] Error: RunMessage(msgname=PHttpChannel::Msg_DeleteSelf) Channel closing: too late to send/recv, messages will be lost


###!!! [Child][PContentChild] Error: RunMessage(msgname=PHttpChannel::Msg_DeleteSelf) Channel closing: too late to send/recv, messages will be lost


###!!! [Child][PContentChild] Error: RunMessage(msgname=PHttpChannel::Msg_DeleteSelf) Channel closing: too late to send/recv, messages will be lost


###!!! [Child][PContentChild] Error: Send(msgname=PBrowser::Msg___delete__) Channel closing: too late to send/recv, messages will be lost

1650865017863	geckodriver	INFO	Listening on 127.0.0.1:50240
1650865020890	mozrunner::runner	INFO	Running command: "C:\\P1650865020938	mozrunner::runner	INFO	Running command: "C:\\Program Files\\Mozilla Firefox\\firefox.exe" "--marionette" "--remote-debugging-port" "50244" "--remote-allow-hosts" "localhost" "-no-remote" "-profile" "C:\\Us1650865021384	Marionette	INFO	Marionette enabled
console.warn: SearchSettings: "get: No settings file exists,console.warn: SearchSettings: "get: No settings file exists, new profile?" (new NotFoundError("Could not open the file at C:\\Users\\SIVAKA~1\\AppData\\Local\\TeDevTools listening on ws://localhost:50241/devtools/browser/2ac3010f-3675-41fd-b98a-253f43371be2
1650865025068	Marionette	INFO	Listening on port 50292
Read port: 50292
1650865025173	RemoteAgent	WARN	TLS certificate errors will b1650865025192	RemoteAgent	WA1650865029717	Marionette	INFO	Stopped listening on port 50292

###!!! [Parent][PContentParent] Error: Send(msgname=PContent::Reply_DiscardBrowsingContext) Closed channel: cannot send/recv


###!!! [Child][PContentChild] Error: Send(msgname=PHttpChannel::Msg_DeletingChannel) Channel closing: too late to send/recv, messages will be lost


###!!! [Child][PContentChild] Error: RunMessage(msgname=PContent::Msg_DiscardBrowsingContext) Channel closing: too late to send/recv, messages will be lost


###!!! [Child][PContentChild] Error: RunMessage(msgname=PContent::Reply_DiscardBrowsingContext) Channel closing: too late to send/recv, messages will be lost


###!!! [Child][PContentChild] Error: Send(msgname=PHttpChannel::Msg_DeletingChannel) Channel closing: too late to send/recv, messages will be lost


###!!! [Parent][PContentParent] Error: Send(msgname=PContent::Msg_DestroyBrowsingContextGroup) Closed channel: cannot send/recv

JavaScript error: resource://gre/modules/Sqlite.jsm, line 1105: Error: Sqlite.jsm has been shutdown. Cannot open connection to: C:\Users\SIVAKA~1\AppData\Local\Temp\rust_mozprofileVzNtez\protections.sqlite

###!!! [Parent][PGPUParent] Error: RunMessage(msgname=PGPU::Msg_ShutdownVR) Channel closing: too late to send/recv, messages will be lost

AppData\Local\Temp\rust_mozprofilefIblVr\protections.sqlite
